<?xml version="1.0" encoding="UTF-8"?>
<!-- Generated by org.testng.reporters.JUnitReportReporter -->
<testsuite hostname="Debasish" failures="0" tests="1" name="in.debasish.testCases.OpenAccountTest" time="0.001" errors="0" timestamp="2024-02-04T20:06:16 IST" skipped="1">
  <testcase classname="in.debasish.testCases.OpenAccountTest" name="openAccountTest" time="0.001">
    <skipped/>
  </testcase> <!-- openAccountTest -->
</testsuite> <!-- in.debasish.testCases.OpenAccountTest -->
