<?xml version="1.0" encoding="UTF-8"?>
<!-- Generated by org.testng.reporters.JUnitReportReporter -->
<testsuite hostname="Debasish" failures="0" tests="1" name="in.debasish.testCases.BankManagerLoginTest" time="0.146" errors="0" timestamp="2024-02-04T20:06:16 IST" skipped="0">
  <testcase classname="in.debasish.testCases.BankManagerLoginTest" name="loginAsManager" time="0.146"/>
</testsuite> <!-- in.debasish.testCases.BankManagerLoginTest -->
