<?xml version="1.0" encoding="UTF-8"?>
<!-- Generated by org.testng.reporters.JUnitReportReporter -->
<testsuite hostname="Debasish" failures="0" tests="4" name="in.debasish.testCases.AddCustomerTest" time="17.149" errors="0" timestamp="2024-02-04T20:06:16 IST" skipped="0">
  <testcase classname="in.debasish.testCases.AddCustomerTest" name="addCustomerTest" time="4.214"/>
  <testcase classname="in.debasish.testCases.AddCustomerTest" name="addCustomerTest" time="4.496"/>
  <testcase classname="in.debasish.testCases.AddCustomerTest" name="addCustomerTest" time="4.230"/>
  <testcase classname="in.debasish.testCases.AddCustomerTest" name="addCustomerTest" time="4.209"/>
</testsuite> <!-- in.debasish.testCases.AddCustomerTest -->
