<?xml version="1.0" encoding="UTF-8"?>
<!-- Generated by org.testng.reporters.JUnitReportReporter -->
<testsuite hostname="Debasish" failures="0" tests="1" name="in.debasish.testCases.BankManagerLoginTest" time="0.159" errors="0" timestamp="2024-01-04T16:06:26 IST" skipped="0">
  <testcase classname="in.debasish.testCases.BankManagerLoginTest" name="loginAsManager" time="0.159"/>
</testsuite> <!-- in.debasish.testCases.BankManagerLoginTest -->
